Added Component: Designator=R1(6-0805_M)
Added Component: Designator=R3(6-0805_M)
Added Component: Designator=R5(6-0805_M)
Added Component: Designator=R6(6-0805_M)
Added Component: Designator=R7(6-0805_M)
Added Pin To Net: NetName=NetC1_2 Pin=R1-1
Added Pin To Net: NetName=NetR1_2 Pin=R1-2
Added Pin To Net: NetName=GND Pin=R3-1
Added Pin To Net: NetName=NetC15_1 Pin=R3-2
Added Pin To Net: NetName=NetC15_1 Pin=R5-1
Added Pin To Net: NetName=IMEAS Pin=R5-2
Added Pin To Net: NetName=NetC15_1 Pin=R6-1
Added Pin To Net: NetName=IMEAS_RANGESEL Pin=R6-2
Added Pin To Net: NetName=IMEAS_RANGESEL Pin=R7-1
Added Pin To Net: NetName=IMEAS Pin=R7-2
Added Member To Class: ClassName=main Member=Component R1 100
Added Member To Class: ClassName=main Member=Component R3 100
Added Member To Class: ClassName=main Member=Component R5 47k
Added Member To Class: ClassName=main Member=Component R6 3k3
Added Member To Class: ClassName=main Member=Component R7 3k3
