Added Component: Designator=C1(ELKO_10mm_RM5)
Added Component: Designator=C2(ELKO_10mm_RM5)
Added Component: Designator=C3(ELKO_10mm_RM5)
Added Component: Designator=C4(ELKO_10mm_RM5)
Added Component: Designator=C5(6-0805_M)
Added Component: Designator=C6(6-0805_M)
Added Component: Designator=C7(6-0805_M)
Added Component: Designator=C8(6-0805_M)
Added Component: Designator=C9(6-0805_M)
Added Component: Designator=C10(6-0805_M)
Added Component: Designator=C11(6-0805_M)
Added Component: Designator=C12(6-0805_M)
Added Component: Designator=C13(6-0805_M)
Added Component: Designator=C14(6-0805_M)
Added Component: Designator=C15(6-0805_M)
Added Component: Designator=IC1(SOT223_M)
Added Component: Designator=R2(10x1.5mm_Shunt)
Added Pin To Net: NetName=+12V Pin=C1-1
Added Pin To Net: NetName=NetC1_2 Pin=C1-2
Added Pin To Net: NetName=NetC1_2 Pin=C1-2
Added Pin To Net: NetName=+12V Pin=C2-1
Added Pin To Net: NetName=NetC1_2 Pin=C2-2
Added Pin To Net: NetName=NetC1_2 Pin=C2-2
Added Pin To Net: NetName=+12V Pin=C3-1
Added Pin To Net: NetName=NetC1_2 Pin=C3-2
Added Pin To Net: NetName=NetC1_2 Pin=C3-2
Added Pin To Net: NetName=+12V Pin=C4-1
Added Pin To Net: NetName=NetC1_2 Pin=C4-2
Added Pin To Net: NetName=NetC1_2 Pin=C4-2
Added Pin To Net: NetName=+12V Pin=C5-1
Added Pin To Net: NetName=GND Pin=C5-2
Added Pin To Net: NetName=+12V Pin=C6-1
Added Pin To Net: NetName=GND Pin=C6-2
Added Pin To Net: NetName=VCC Pin=C7-1
Added Pin To Net: NetName=GND Pin=C7-2
Added Pin To Net: NetName=VCC Pin=C8-1
Added Pin To Net: NetName=GND Pin=C8-2
Added Pin To Net: NetName=VCC Pin=C9-1
Added Pin To Net: NetName=GND Pin=C9-2
Added Pin To Net: NetName=VCC Pin=C10-1
Added Pin To Net: NetName=GND Pin=C10-2
Added Pin To Net: NetName=VCC Pin=C11-1
Added Pin To Net: NetName=GND Pin=C11-2
Added Pin To Net: NetName=VCC Pin=C12-1
Added Pin To Net: NetName=GND Pin=C12-2
Added Pin To Net: NetName=AVCC Pin=C13-1
Added Pin To Net: NetName=GND Pin=C13-2
Added Pin To Net: NetName=AVCC Pin=C14-1
Added Pin To Net: NetName=GND Pin=C14-2
Added Pin To Net: NetName=IMEAS Pin=C15-2
Added Pin To Net: NetName=GND Pin=IC1-1
Added Pin To Net: NetName=VCC Pin=IC1-2
Added Pin To Net: NetName=+12V Pin=IC1-3
Added Pin To Net: NetName=VCC Pin=IC1-4
Added Pin To Net: NetName=NetC1_2 Pin=R2-1
Added Pin To Net: NetName=GND Pin=R2-2
Added Pin To Net: NetName=NetC15_1 Pin=C15-1
Added Pin To Net: NetName=NetC15_1 Pin=U6-2
Added Net: Name=NetC15_1
Added Member To Class: ClassName=main Member=Component C1 1000/25
Added Member To Class: ClassName=main Member=Component C2 1000/25
Added Member To Class: ClassName=main Member=Component C3 1000/25
Added Member To Class: ClassName=main Member=Component C4 1000/25
Added Member To Class: ClassName=main Member=Component C5 10u
Added Member To Class: ClassName=main Member=Component C6 1u
Added Member To Class: ClassName=main Member=Component C7 100n
Added Member To Class: ClassName=main Member=Component C8 100n
Added Member To Class: ClassName=main Member=Component C9 100n
Added Member To Class: ClassName=main Member=Component C10 100n
Added Member To Class: ClassName=main Member=Component C11 100n
Added Member To Class: ClassName=main Member=Component C12 1u
Added Member To Class: ClassName=main Member=Component C13 100n
Added Member To Class: ClassName=main Member=Component C14 1u
Added Member To Class: ClassName=main Member=Component C15 NP
Added Member To Class: ClassName=main Member=Component IC1 AZ1117I
Added Member To Class: ClassName=main Member=Component R2 0R005
