Removed Pin From Net: NetName=GATE1 Pin=U1-1
Removed Pin From Net: NetName=GATE2 Pin=U1-2
Removed Pin From Net: NetName=GATE3 Pin=U1-3
Removed Pin From Net: NetName=GATE4 Pin=U1-4
Removed Pin From Net: NetName=GATE5 Pin=U1-5
Removed Pin From Net: NetName=GATE6 Pin=U1-6
Removed Pin From Net: NetName=GATE7 Pin=U1-7
Removed Pin From Net: NetName=GATE0 Pin=U1-15
Removed Pin From Net: NetName=MOSI Pin=U2-13
Removed Pin From Net: NetName=GATE9 Pin=U3-1
Removed Pin From Net: NetName=GATE10 Pin=U3-2
Removed Pin From Net: NetName=GATE11 Pin=U3-3
Removed Pin From Net: NetName=GATE12 Pin=U3-4
Removed Pin From Net: NetName=GATE13 Pin=U3-5
Removed Pin From Net: NetName=GATE14 Pin=U3-6
Removed Pin From Net: NetName=GATE15 Pin=U3-7
Removed Pin From Net: NetName=GATE8 Pin=U3-15
Removed Pin From Net: NetName=GATE17 Pin=U4-1
Removed Pin From Net: NetName=GATE18 Pin=U4-2
Removed Pin From Net: NetName=GATE19 Pin=U4-3
Removed Pin From Net: NetName=GATE20 Pin=U4-4
Removed Pin From Net: NetName=GATE21 Pin=U4-5
Removed Pin From Net: NetName=GATE22 Pin=U4-6
Removed Pin From Net: NetName=GATE23 Pin=U4-7
Removed Pin From Net: NetName=GATE16 Pin=U4-15
Removed Pin From Net: NetName=VCC Pin=U4-16
Added Pin To Net: NetName=GATE6 Pin=U1-1
Added Pin To Net: NetName=GATE5 Pin=U1-2
Added Pin To Net: NetName=GATE4 Pin=U1-3
Added Pin To Net: NetName=GATE3 Pin=U1-4
Added Pin To Net: NetName=GATE2 Pin=U1-5
Added Pin To Net: NetName=GATE1 Pin=U1-6
Added Pin To Net: NetName=GATE0 Pin=U1-7
Added Pin To Net: NetName=GATE7 Pin=U1-15
Added Pin To Net: NetName=MOSI Pin=U2-10
Added Pin To Net: NetName=GATE14 Pin=U3-1
Added Pin To Net: NetName=GATE13 Pin=U3-2
Added Pin To Net: NetName=GATE12 Pin=U3-3
Added Pin To Net: NetName=GATE11 Pin=U3-4
Added Pin To Net: NetName=GATE10 Pin=U3-5
Added Pin To Net: NetName=GATE9 Pin=U3-6
Added Pin To Net: NetName=GATE8 Pin=U3-7
Added Pin To Net: NetName=GATE15 Pin=U3-15
Added Pin To Net: NetName=GATE22 Pin=U4-1
Added Pin To Net: NetName=GATE21 Pin=U4-2
Added Pin To Net: NetName=GATE20 Pin=U4-3
Added Pin To Net: NetName=GATE19 Pin=U4-4
Added Pin To Net: NetName=GATE18 Pin=U4-5
Added Pin To Net: NetName=GATE17 Pin=U4-6
Added Pin To Net: NetName=GATE16 Pin=U4-7
Added Pin To Net: NetName=GATE23 Pin=U4-15
