Added Component: Designator=J4(JUMPER_2P)
Added Component: Designator=J5(PINHD_4x1_100mil)
Added Component: Designator=LED1(KING-0603LED_GREEN_V)
Added Component: Designator=LED2(KING-0603LED_GREEN_V)
Added Pin To Net: NetName=VCC Pin=J4-1
Added Pin To Net: NetName=VCC Pin=J4-1
Added Pin To Net: NetName=BOOT0 Pin=J4-2
Added Pin To Net: NetName=BOOT0 Pin=J4-2
Added Pin To Net: NetName=RESET Pin=J5-1
Added Pin To Net: NetName=SWCLK Pin=J5-2
Added Pin To Net: NetName=SWCLK Pin=J5-3
Added Pin To Net: NetName=GND Pin=J5-4
Added Pin To Net: NetName=NetLED1_1 Pin=LED1-1
Added Pin To Net: NetName=NLED1 Pin=LED1-2
Added Pin To Net: NetName=NetLED2_1 Pin=LED2-1
Added Pin To Net: NetName=NLED2 Pin=LED2-2
Added Member To Class: ClassName=main Member=Component J4 BOOT_JMP
Added Member To Class: ClassName=main Member=Component J5 DEBUG
Added Member To Class: ClassName=main Member=Component LED1 KP-1608MGC
Added Member To Class: ClassName=main Member=Component LED2 KP-1608MGC
