Removed Pin From Net: NetName=NetC18_1 Pin=U7-2
Removed Pin From Net: NetName=NetR5_2 Pin=U7-3
Removed Pin From Net: NetName=GND Pin=U7-4
Removed Pin From Net: NetName=IMEAS Pin=U7-6
Removed Pin From Net: NetName=AVCC Pin=U7-7
Removed Member From Class: ClassName=main Member=U7
Added Component: Designator=U2(SO8_M)
Added Component: Designator=U?(MSOP-MS8_L)
Added Component: Designator=U?(MSOP-MS8_L)
Added Pin To Net: NetName=RX Pin=U2-1
Added Pin To Net: NetName=TXEN Pin=U2-2
Added Pin To Net: NetName=TXEN Pin=U2-3
Added Pin To Net: NetName=TX Pin=U2-4
Added Pin To Net: NetName=GND Pin=U2-5
Added Pin To Net: NetName=RS485_DN Pin=U2-6
Added Pin To Net: NetName=RS485_DP Pin=U2-7
Added Pin To Net: NetName=VCC Pin=U2-8
Added Pin To Net: NetName=CH28 Pin=U?-2
Added Pin To Net: NetName=NetC18_1 Pin=U?-2
Added Pin To Net: NetName=NetR5_2 Pin=U?-3
Added Pin To Net: NetName=GND Pin=U?-4
Added Pin To Net: NetName=CH29 Pin=U?-6
Added Pin To Net: NetName=IMEAS Pin=U?-6
Added Pin To Net: NetName=AVCC Pin=U?-7
Added Pin To Net: NetName=CH26 Pin=U?-7
Added Pin To Net: NetName=CH27 Pin=U?-8
Added Member To Class: ClassName=main Member=Component U2 ST1480ACDR
Added Member To Class: ClassName=main Member=Component U? MCP6V26-E/MS
Added Member To Class: ClassName=main Member=Component U? MCP6V26-E/MS
