Removed Pin From Net: NetName=AVCC Pin=U3-5
Removed Pin From Net: NetName=XT1 Pin=Y1-1
Removed Pin From Net: NetName=XT2 Pin=Y1-3
Removed Pin From Net: NetName=GND Pin=Y1-4
Change Component Designator: OldDesignator=C18 NewDesignator=C20
Change Component Designator: OldDesignator=R8 NewDesignator=R9
Change Component Designator: OldDesignator=R9 NewDesignator=R10
Change Component Designator: OldDesignator=R10 NewDesignator=R11
Change Component Designator: OldDesignator=R11 NewDesignator=R12
Change Component Designator: OldDesignator=U? NewDesignator=U7
Added Component: Designator=C18(J1-0603)
Added Component: Designator=C19(6-0805_M)
Added Component: Designator=R8(J1-0603)
Added Pin To Net: NetName=GND Pin=C18-2
Added Pin To Net: NetName=GND Pin=C19-2
Added Pin To Net: NetName=VCC Pin=R8-1
Change Net Name : Old Net Name=NetC18_1 New Net Name=NetC20_1
Added Pin To Net: NetName=AVCC2 Pin=C18-1
Added Pin To Net: NetName=AVCC2 Pin=C19-1
Added Pin To Net: NetName=AVCC2 Pin=R8-2
Added Pin To Net: NetName=AVCC2 Pin=U3-5
Added Net: Name=AVCC2
Added Member To Class: ClassName=main Member=Component C19 1u
Added Member To Class: ClassName=main Member=Component C20 NP
Added Member To Class: ClassName=main Member=Component R12 3k3
